{"/workspaces/test-jest/app.js": {"path":"/workspaces/test-jest/app.js","statementMap":{"0":{"start":{"line":2,"column":25},"end":{"line":7,"column":1}},"1":{"start":{"line":4,"column":24},"end":{"line":4,"column":42}},"2":{"start":{"line":6,"column":4},"end":{"line":6,"column":25}},"3":{"start":{"line":10,"column":24},"end":{"line":15,"column":1}},"4":{"start":{"line":12,"column":21},"end":{"line":12,"column":43}},"5":{"start":{"line":14,"column":4},"end":{"line":14,"column":22}},"6":{"start":{"line":18,"column":23},"end":{"line":23,"column":1}},"7":{"start":{"line":20,"column":21},"end":{"line":20,"column":40}},"8":{"start":{"line":22,"column":4},"end":{"line":22,"column":22}},"9":{"start":{"line":27,"column":12},"end":{"line":29,"column":1}},"10":{"start":{"line":28,"column":4},"end":{"line":28,"column":16}},"11":{"start":{"line":32,"column":17},"end":{"line":35,"column":1}},"12":{"start":{"line":33,"column":4},"end":{"line":33,"column":20}},"13":{"start":{"line":38,"column":0},"end":{"line":38,"column":21}},"14":{"start":{"line":42,"column":0},"end":{"line":42,"column":86}}},"fnMap":{"0":{"name":"(anonymous_0)","decl":{"start":{"line":2,"column":25},"end":{"line":2,"column":26}},"loc":{"start":{"line":2,"column":47},"end":{"line":7,"column":1}},"line":2},"1":{"name":"(anonymous_1)","decl":{"start":{"line":10,"column":24},"end":{"line":10,"column":25}},"loc":{"start":{"line":10,"column":48},"end":{"line":15,"column":1}},"line":10},"2":{"name":"(anonymous_2)","decl":{"start":{"line":18,"column":23},"end":{"line":18,"column":24}},"loc":{"start":{"line":18,"column":44},"end":{"line":23,"column":1}},"line":18},"3":{"name":"(anonymous_3)","decl":{"start":{"line":27,"column":12},"end":{"line":27,"column":13}},"loc":{"start":{"line":27,"column":21},"end":{"line":29,"column":1}},"line":27},"4":{"name":"(anonymous_4)","decl":{"start":{"line":32,"column":17},"end":{"line":32,"column":18}},"loc":{"start":{"line":32,"column":26},"end":{"line":35,"column":1}},"line":32}},"branchMap":{},"s":{"0":1,"1":2,"2":2,"3":1,"4":2,"5":2,"6":1,"7":2,"8":2,"9":1,"10":2,"11":1,"12":0,"13":1,"14":1},"f":{"0":2,"1":2,"2":2,"3":2,"4":0},"b":{},"_coverageSchema":"1a1c01bbd47fc00a2c39e90264f33305004495a9","hash":"ab262e6e70d1dc3f12df860ed5a931cddd5ca36b"}
}
